C51 COMPILER V9.00   COUNT_SW_WORK                                                         10/11/2024 17:50:16 PAGE 1   


C51 COMPILER V9.00, COMPILATION OF MODULE COUNT_SW_WORK
OBJECT MODULE PLACED IN ..\hex\count_sw_work.obj
COMPILER INVOKED BY: C:\Keil _C51\C51\BIN\C51.EXE ..\count\count_sw_work.c LARGE OPTIMIZE(9,SPEED) BROWSE INCDIR(..\user
                    -;..\display;..\common;..\cut;..\count) DEBUG OBJECTEXTEND PRINT(.\LIST\count_sw_work.lst) OBJECT(..\hex\count_sw_work.ob
                    -j)

line level    source

   1          #include "count_sw_work.h"
   2          
   3          void count_ll_value(void)
   4          {
   5   1              LL.VALUE = (u8)(100*LL.CYCLE/LL.CONSTANT);
   6   1      }
   7          
   8          void count_sw_work_max_power(void)
   9          {
  10   1              if(SW.BODY_PARTS == PARTS_ED){
  11   2                      SW.MAX_POWER = 6;
  12   2              }else{
  13   2                      SW.MAX_POWER = 10;
  14   2              }
  15   1              if(SW.POWER > SW.MAX_POWER)SW.POWER = SW.MAX_POWER;
  16   1      }
  17          
  18          
  19          
  20          
  21          
  22          
  23          
  24          
  25          
  26          
  27          
  28          
  29          
  30          
  31          
  32          
  33          
  34          
  35          
  36          
  37          
  38          
  39          
  40          


MODULE INFORMATION:   STATIC OVERLAYABLE
   CODE SIZE        =     91    ----
   CONSTANT SIZE    =   ----    ----
   XDATA SIZE       =   ----    ----
   PDATA SIZE       =   ----    ----
   DATA SIZE        =   ----    ----
   IDATA SIZE       =   ----    ----
   BIT SIZE         =   ----    ----
END OF MODULE INFORMATION.


C51 COMPILATION COMPLETE.  0 WARNING(S),  0 ERROR(S)
