C51 COMPILER V9.00   DIS_RECORD_PROBE_TIME                                                 09/09/2024 14:06:51 PAGE 1   


C51 COMPILER V9.00, COMPILATION OF MODULE DIS_RECORD_PROBE_TIME
OBJECT MODULE PLACED IN ..\hex\dis_record_probe_time.obj
COMPILER INVOKED BY: C:\Keil _C51\C51\BIN\C51.EXE ..\display\dis_record_probe_time.c LARGE OPTIMIZE(9,SPEED) BROWSE INCD
                    -IR(..\user;..\display;..\common;..\cut) DEBUG OBJECTEXTEND PRINT(.\LIST\dis_record_probe_time.lst) OBJECT(..\hex\dis_rec
                    -ord_probe_time.obj)

line level    source

   1          //#include "config.h"
   2          //
   3          //
   4          ////void dis_record_probe0_times(void)
   5          ////{
   6          ////    u16 total;
   7          //      if(FUN_FLAG == XDRF_DEVICE_TYPE)
   8          //      {
   9          //              if(XDRF_RECORD_ORDER_FLAG[0] > 0 && XDRF_RECORD_ORDER_FLAG[0] < 6)
  10          //              {
  11          //                      total = XDRF_PROBE_TIMES[XDRF_RECORD_ORDER_FLAG[0] - 1];
  12          //                      DIS_FONT_WEI_NUMBER_CM(Pic_RECORD_PROBE_TIMES,1,0x07,0xdd,0x03,total,5,283,217);
  13          //              }
  14          //              else
  15          //              {
  16          //                      DIS_DEL_DIS(Pic_RECORD_PROBE_TIMES,261,198,385,266,261,198);
  17          //              }
  18          //              count_record_probe_pic(XDRF_RECORD_ORDER_FLAG[0],60,198);
  19          //      }
  20          //}
  21          //
  22          //void dis_record_probe1_times(void)
  23          //{
  24          //      u16 total;
  25          //      if(FUN_FLAG == XDRF_DEVICE_TYPE)
  26          //      {
  27          //              if(XDRF_RECORD_ORDER_FLAG[1] > 0 && XDRF_RECORD_ORDER_FLAG[1] < 6)
  28          //              {
  29          //                      total = XDRF_PROBE_TIMES[XDRF_RECORD_ORDER_FLAG[1] - 1];
  30          //                      DIS_FONT_WEI_NUMBER_CM(Pic_RECORD_PROBE_TIMES,1,0x07,0xdd,0x03,total,5,283,287);
  31          //              }
  32          //              else
  33          //              {
  34          //                      DIS_DEL_DIS(Pic_RECORD_PROBE_TIMES,261,268,385,337,261,268);
  35          //              }
  36          //              count_record_probe_pic(XDRF_RECORD_ORDER_FLAG[1],60,268);
  37          //      }
  38          //}
  39          //
  40          //void dis_record_probe2_times(void)
  41          //{
  42          //      u16 total;
  43          //      if(FUN_FLAG == XDRF_DEVICE_TYPE)
  44          //      {
  45          //              if(XDRF_RECORD_ORDER_FLAG[2] > 0 && XDRF_RECORD_ORDER_FLAG[2] < 6)
  46          //              {
  47          //                      total = XDRF_PROBE_TIMES[XDRF_RECORD_ORDER_FLAG[2] - 1];
  48          //                      DIS_FONT_WEI_NUMBER_CM(Pic_RECORD_PROBE_TIMES,1,0x07,0xdd,0x03,total,5,283,357);
  49          //              }
  50          //              else
  51          //              {
  52          //                      DIS_DEL_DIS(Pic_RECORD_PROBE_TIMES,261,339,385,407,261,339);
  53          //              }
C51 COMPILER V9.00   DIS_RECORD_PROBE_TIME                                                 09/09/2024 14:06:51 PAGE 2   

  54          //              count_record_probe_pic(XDRF_RECORD_ORDER_FLAG[2],60,339);
  55          //      }
  56          //}
  57          //
  58          //void dis_record_probe3_times(void)
  59          //{
  60          //      u16 total;
  61          //      if(FUN_FLAG == XDRF_DEVICE_TYPE)
  62          //      {
  63          //              if(XDRF_RECORD_ORDER_FLAG[3] > 0 && XDRF_RECORD_ORDER_FLAG[3] < 6)
  64          //              {
  65          //                      total = XDRF_PROBE_TIMES[XDRF_RECORD_ORDER_FLAG[3] - 1];
  66          //                      DIS_FONT_WEI_NUMBER_CM(Pic_RECORD_PROBE_TIMES,1,0x07,0xdd,0x03,total,5,639,217);
  67          //              }
  68          //              else
  69          //              {
  70          //                      DIS_DEL_DIS(Pic_RECORD_PROBE_TIMES,618,198,742,266,618,198);
  71          //              }
  72          //              count_record_probe_pic(XDRF_RECORD_ORDER_FLAG[3],417,198);
  73          //      }
  74          //}
  75          //
  76          //void dis_record_probe4_times(void)
  77          //{
  78          //      u16 total;
  79          //      if(FUN_FLAG == XDRF_DEVICE_TYPE)
  80          //      {
  81          //              if(XDRF_RECORD_ORDER_FLAG[4] > 0 && XDRF_RECORD_ORDER_FLAG[4] < 6)
  82          //              {
  83          //                      total = XDRF_PROBE_TIMES[XDRF_RECORD_ORDER_FLAG[4] - 1];
  84          //                      DIS_FONT_WEI_NUMBER_CM(Pic_RECORD_PROBE_TIMES,1,0x07,0xdd,0x03,total,5,639,287);
  85          //              }
  86          //              else
  87          //              {
  88          //                      DIS_DEL_DIS(Pic_RECORD_PROBE_TIMES,618,268,742,337,618,268);
  89          //              }
  90          //              count_record_probe_pic(XDRF_RECORD_ORDER_FLAG[4],417,268);
  91          //      }
  92          //}
  93          //
  94          //void dis_record_probe5_times(void)
  95          //{
  96          //      u16 total;
  97          //      if(FUN_FLAG == XDRF_DEVICE_TYPE)
  98          //      {
  99          //              if(XDRF_RECORD_ORDER_FLAG[5] > 0 && XDRF_RECORD_ORDER_FLAG[5] < 6)
 100          //              {
 101          //                      total = XDRF_PROBE_TIMES[XDRF_RECORD_ORDER_FLAG[5] - 1];
 102          //                      DIS_FONT_WEI_NUMBER_CM(Pic_RECORD_PROBE_TIMES,1,0x07,0xdd,0x03,total,5,639,357);
 103          //              }
 104          //              else
 105          //              {
 106          //                      DIS_DEL_DIS(Pic_RECORD_PROBE_TIMES,618,339,742,407,618,339);
 107          //              }
 108          //              count_record_probe_pic(XDRF_RECORD_ORDER_FLAG[5],417,339);
 109          //      }
 110          //}
 111          //void dis_record_all_times(void)
 112          //{
 113          //      u32 total;
 114          //      total = 0;
 115          //      if(FUN_FLAG == XDRF_DEVICE_TYPE)
C51 COMPILER V9.00   DIS_RECORD_PROBE_TIME                                                 09/09/2024 14:06:51 PAGE 3   

 116          //      {
 117          //              if(XDRF_RECORD_ORDER_FLAG[0] > 0)total = total + XDRF_PROBE_TIMES[XDRF_RECORD_ORDER_FLAG[0] - 1];
 118          //              if(XDRF_RECORD_ORDER_FLAG[1] > 0)total = total + XDRF_PROBE_TIMES[XDRF_RECORD_ORDER_FLAG[1] - 1];
 119          //              if(XDRF_RECORD_ORDER_FLAG[2] > 0)total = total + XDRF_PROBE_TIMES[XDRF_RECORD_ORDER_FLAG[2] - 1];
 120          //              if(XDRF_RECORD_ORDER_FLAG[3] > 0)total = total + XDRF_PROBE_TIMES[XDRF_RECORD_ORDER_FLAG[3] - 1];
 121          //              if(XDRF_RECORD_ORDER_FLAG[4] > 0)total = total + XDRF_PROBE_TIMES[XDRF_RECORD_ORDER_FLAG[4] - 1];
 122          //              if(XDRF_RECORD_ORDER_FLAG[5] > 0)total = total + XDRF_PROBE_TIMES[XDRF_RECORD_ORDER_FLAG[5] - 1];
 123          //      }
 124          //      if(total > 99999)total = 99999;
 125          //      DIS_FONT_WEI_NUMBER_CM(Pic_RECORD_PROBE_TIMES,1,0x07,0xdd,0x06,total,5,680,1480);
 126          //}
 127          //
 128          
 129          
 130          
 131          
 132          
 133          
 134          
 135          
 136          
 137          
 138          
 139          
 140          
 141          
 142          
 143          
 144          
 145          
 146          
 147          
 148          
 149          
 150          
 151          
 152          
 153          
 154          
 155          
 156          
 157          
 158          
 159          
 160          
 161          
 162          
 163          
 164          
 165          //void count_record_probe_pic(u8 probe,u16 x,u16 y)
 166          //{
 167          ////    if(FUN_FLAG == XDRF_DEVICE_TYPE)
 168          ////    {
 169          //              switch(probe)
 170          //              {
 171          //                      case  0:DIS_DEL_DIS(Pic_RECORD_PROBE_TIMES,60,198,385,266,x,y);break;//0
 172          //                      case  1:DIS_DEL_DIS(Pic_CUT1,392, 0,  591, 68, x,y);break;//1
 173          //                      case  2:DIS_DEL_DIS(Pic_CUT1,392, 70,591,138, x,y);break;//2
 174          //                      case  3:DIS_DEL_DIS(Pic_CUT1,392,140,591,208, x,y);break;//3
 175          //                      case  4:DIS_DEL_DIS(Pic_CUT1,593,0,792,68, x,y);break;//4
 176          //                      case  5:DIS_DEL_DIS(Pic_CUT1,593,70,792,138, x,y);break;//5
 177          //                      case  6:DIS_DEL_DIS(Pic_CUT1,593,140,792,208, x,y);break;//6
C51 COMPILER V9.00   DIS_RECORD_PROBE_TIME                                                 09/09/2024 14:06:51 PAGE 4   

 178          //              }
 179          ////    }
 180          //}
 181          


MODULE INFORMATION:   STATIC OVERLAYABLE
   CODE SIZE        =   ----    ----
   CONSTANT SIZE    =   ----    ----
   XDATA SIZE       =   ----    ----
   PDATA SIZE       =   ----    ----
   DATA SIZE        =   ----    ----
   IDATA SIZE       =   ----    ----
   BIT SIZE         =   ----    ----
END OF MODULE INFORMATION.


C51 COMPILATION COMPLETE.  0 WARNING(S),  0 ERROR(S)
