C51 COMPILER V9.00   INIT                                                                  10/11/2024 17:50:14 PAGE 1   


C51 COMPILER V9.00, COMPILATION OF MODULE INIT
OBJECT MODULE PLACED IN ..\hex\init.obj
COMPILER INVOKED BY: C:\Keil _C51\C51\BIN\C51.EXE ..\common\init.c LARGE OPTIMIZE(9,SPEED) BROWSE INCDIR(..\user;..\disp
                    -lay;..\common;..\cut;..\count) DEBUG OBJECTEXTEND PRINT(.\LIST\init.lst) OBJECT(..\hex\init.obj)

line level    source

   1          #include "init.h"
   2          
   3          struct SW_TypeDef SW;
   4          
   5          struct LL_TypeDef LL;
   6          
   7          struct Warning_TypeDef HANDLE_TMEP;
   8          struct Warning_TypeDef HANDLE_INSERTION;
   9          struct Warning_TypeDef HANDLE_INSERT;
  10          
  11          
  12          
  13          
  14          
  15          
  16          


MODULE INFORMATION:   STATIC OVERLAYABLE
   CODE SIZE        =   ----    ----
   CONSTANT SIZE    =   ----    ----
   XDATA SIZE       =     75    ----
   PDATA SIZE       =   ----    ----
   DATA SIZE        =   ----    ----
   IDATA SIZE       =   ----    ----
   BIT SIZE         =   ----    ----
END OF MODULE INFORMATION.


C51 COMPILATION COMPLETE.  0 WARNING(S),  0 ERROR(S)
