C51 COMPILER V9.00   MAIN_INTERFACE                                                        10/11/2024 17:50:12 PAGE 1   


C51 COMPILER V9.00, COMPILATION OF MODULE MAIN_INTERFACE
OBJECT MODULE PLACED IN ..\hex\main_interface.obj
COMPILER INVOKED BY: C:\Keil _C51\C51\BIN\C51.EXE ..\main\main_interface.c LARGE OPTIMIZE(9,SPEED) BROWSE INCDIR(..\user
                    -;..\display;..\common;..\cut;..\count) DEBUG OBJECTEXTEND PRINT(.\LIST\main_interface.lst) OBJECT(..\hex\main_interface.
                    -obj)

line level    source

   1          #include "config.h"
   2          
   3          void jump_interface(void)
   4          {
   5   1              while(1){
   6   2                      Uart_LCD.KEY_YES = 0;
   7   2                      switch(INTERFACE){
   8   3                              case  PAGE_SW_WORK:
   9   3                                      main_xs_sw_work();
  10   3                                      break;
  11   3                              case  PAGE_WAITING:
  12   3                                      main_xs_waiting();
  13   3                                      break;
  14   3                              case  PAGE_BASIC_SETTINGS:
  15   3                                      main_xs_basic_settings();
  16   3                                      break;
  17   3                              case  PAGE_ADVANCED_SETTINGS:
  18   3                                      main_xs_advanced_settings();
  19   3                                      break;
  20   3                              case  PAGE_GUIDE:
  21   3                                      main_xs_guide();
  22   3                                      break;
  23   3                              case  PAGE_PROBE_MODE:
  24   3                                      main_xs_probe_mode();
  25   3                                      break;
  26   3                              case  PAGE_SETTING_POWER:
  27   3                                      main_xs_setting_power();
  28   3                                      break;
  29   3                              default:
  30   3                           break; 
  31   3                      } 
  32   2              }
  33   1      }
  34                                          
  35                                  
  36                                    


MODULE INFORMATION:   STATIC OVERLAYABLE
   CODE SIZE        =     80    ----
   CONSTANT SIZE    =   ----    ----
   XDATA SIZE       =   ----    ----
   PDATA SIZE       =   ----    ----
   DATA SIZE        =   ----    ----
   IDATA SIZE       =   ----    ----
   BIT SIZE         =   ----    ----
END OF MODULE INFORMATION.


C51 COMPILATION COMPLETE.  0 WARNING(S),  0 ERROR(S)
