C51 COMPILER V9.00   OTHER                                                                 10/11/2024 17:50:15 PAGE 1   


C51 COMPILER V9.00, COMPILATION OF MODULE OTHER
OBJECT MODULE PLACED IN ..\hex\other.obj
COMPILER INVOKED BY: C:\Keil _C51\C51\BIN\C51.EXE ..\common\other.c LARGE OPTIMIZE(9,SPEED) BROWSE INCDIR(..\user;..\dis
                    -play;..\common;..\cut;..\count) DEBUG OBJECTEXTEND PRINT(.\LIST\other.lst) OBJECT(..\hex\other.obj)

line level    source

   1          #include "other.h"
   2          
   3          u16 get_sw_work_handle_temp(void)
   4          {
   5   1              float temp;
   6   1              temp = get_adc_temp(ADC2);
   7   1              return (u16)(temp*10);
   8   1      }
   9          
  10          
  11          
  12          
  13          
  14          
  15          
  16          
  17          


MODULE INFORMATION:   STATIC OVERLAYABLE
   CODE SIZE        =     39    ----
   CONSTANT SIZE    =   ----    ----
   XDATA SIZE       =   ----       4
   PDATA SIZE       =   ----    ----
   DATA SIZE        =   ----    ----
   IDATA SIZE       =   ----    ----
   BIT SIZE         =   ----    ----
END OF MODULE INFORMATION.


C51 COMPILATION COMPLETE.  0 WARNING(S),  0 ERROR(S)
