C51 COMPILER V9.00   XS_LOADING                                                            10/11/2024 17:50:13 PAGE 1   


C51 COMPILER V9.00, COMPILATION OF MODULE XS_LOADING
OBJECT MODULE PLACED IN ..\hex\XS_loading.obj
COMPILER INVOKED BY: C:\Keil _C51\C51\BIN\C51.EXE ..\main\XS_loading.c LARGE OPTIMIZE(9,SPEED) BROWSE INCDIR(..\user;..\
                    -display;..\common;..\cut;..\count) DEBUG OBJECTEXTEND PRINT(.\LIST\XS_loading.lst) OBJECT(..\hex\XS_loading.obj)

line level    source

   1          //#include "config.h"
   2          //
   3          //const u8  code MAIN_KEY_WAITING = 1;
   4          //const u16 code MAIN_WAITING[]=
   5          //{
   6          //      0,799,0,599,
   7          //};
   8          //
   9          ////void dis_loading(u8 value);
  10          //
  11          //void main_xs_loading(void)
  12          //{
  13          //      DIS_PICNUM(Pic_LOGO);
  14          //      do{
  15          //              delay_ms(1);
  16          //              if(KEY_YES!=0x00){
  17          //                      ADS7843_KEY(); 
  18          //                      key=KEY_FANHUI(MAIN_KEY_SET_ID,MAIN_SET_ID); 
  19          //              switch(key){
  20          //                              case 1:
  21          //                              XIANG1();
  22          //                                      INTERFACE = PAGE_LOADING;
  23          //                                      goto over_main_xs_set_id;
  24          //                                      break;
  25          //                              case 2:
  26          //                              XIANG1();
  27          //                                      adv_psw[0] = 0;
  28          //                                      adv_psw[1] = 0;
  29          //                                      adv_psw[2] = 0;
  30          //                                      wei = 0;
  31          //                                      val = count_id_val(wei,adv_psw);
  32          //                                      dis_enter_id(val);
  33          //                                      break;
  34          //                              case 3:
  35          //                              XIANG1();
  36          //                                      if(wei < 3){
  37          //                                              adv_psw[wei] = 1;
  38          //                                              wei++;
  39          //                                      }
  40          //                                      val = count_id_val(wei,adv_psw);
  41          //                                      dis_enter_id(val);
  42          //                                      break;
  43          //                              case 4:
  44          //                              XIANG1();
  45          //                                      if(wei < 3){
  46          //                                              adv_psw[wei] = 2;
  47          //                                              wei++;
  48          //                                      }
  49          //                                      val = count_id_val(wei,adv_psw);
  50          //                                      dis_enter_id(val);
  51          //                                      break;
  52          //                              
  53          //              }
  54          //                      KEY_YES = 0;
C51 COMPILER V9.00   XS_LOADING                                                            10/11/2024 17:50:13 PAGE 2   

  55          //              }
  56          //      }while(1);
  57          //      over_main_xs_set_id:
  58          //      _nop_();
  59          //}
  60          
  61          //void dis_loading(u8 value)
  62          //{
  63          //      static u8 buff;
  64          //      DIS_FONT_WEI_VALUE(1,1,0xff,0xff,0x05,5,DIS_PART,value,buff,0,0);
  65          //      buff = value;
  66          //}
  67          
  68           


MODULE INFORMATION:   STATIC OVERLAYABLE
   CODE SIZE        =   ----    ----
   CONSTANT SIZE    =   ----    ----
   XDATA SIZE       =   ----    ----
   PDATA SIZE       =   ----    ----
   DATA SIZE        =   ----    ----
   IDATA SIZE       =   ----    ----
   BIT SIZE         =   ----    ----
END OF MODULE INFORMATION.


C51 COMPILATION COMPLETE.  0 WARNING(S),  0 ERROR(S)
