C51 COMPILER V9.00   XS_SET_ID                                                             09/27/2024 13:58:56 PAGE 1   


C51 COMPILER V9.00, COMPILATION OF MODULE XS_SET_ID
OBJECT MODULE PLACED IN ..\hex\XS_set_id.obj
COMPILER INVOKED BY: C:\Keil _C51\C51\BIN\C51.EXE ..\main\XS_set_id.c LARGE OPTIMIZE(9,SPEED) BROWSE INCDIR(..\user;..\d
                    -isplay;..\common;..\cut) DEBUG OBJECTEXTEND PRINT(.\LIST\XS_set_id.lst) OBJECT(..\hex\XS_set_id.obj)

line level    source

   1          //#include "config.h"
   2          //
   3          //const u8 MAIN_KEY_SET_ID = 14;
   4          //const u16  MAIN_SET_ID[]=
   5          //{
   6          //    560,760,500,560,          // 1 ·µ»Ø
   7          //      406,603,139,200,        // 2 ÇåÁã
   8          //      
   9          //      264,329,231,298,        // 1
  10          //      332,397,231,298,        // 2
  11          //      400,465,231,298,        // 3
  12          //      264,329,300,367,        // 4    
  13          //      332,397,300,367,        // 5
  14          //      400,465,300,367,    // 6
  15          //      264,329,369,435,        // 7
  16          //      332,397,369,435,        // 8
  17          //      400,465,369,435,        // 9
  18          //      
  19          //      468,533,231,298,        // 12 É¾³ý
  20          //      264,397,439,505,        // 13 0
  21          //      468,533,369,504,        // 14 OK
  22          //};
  23          //
  24          //u8 count_id_val(u8 wei,u8 *buf);
  25          //void dis_enter_id(u8 dat);
  26          //void dis_customer_id(void);
  27          //
  28          //void main_xs_set_id(void)
  29          //{
  30          //      u8 wei,adv_psw[3],val,key;
  31          //      DIS_PICNUM(Pic_SET_ID);
  32          //      adv_psw[0] = 0;
  33          //      adv_psw[1] = 0;
  34          //      adv_psw[2] = 0;
  35          //      wei = 0;
  36          //      val = count_id_val(wei,adv_psw);
  37          //      dis_enter_id(val);
  38          //      dis_customer_id();
  39          //      do{
  40          //              delay_ms(1);
  41          //              if(KEY_YES!=0x00){
  42          //                      ADS7843_KEY(); 
  43          //                      key=KEY_FANHUI(MAIN_KEY_SET_ID,MAIN_SET_ID); 
  44          //              switch(key){
  45          //                              case 1:
  46          //                              XIANG1();
  47          //                                      INTERFACE = PAGE_LOADING;
  48          //                                      goto over_main_xs_set_id;
  49          //                                      break;
  50          //                              case 2:
  51          //                              XIANG1();
  52          //                                      adv_psw[0] = 0;
  53          //                                      adv_psw[1] = 0;
  54          //                                      adv_psw[2] = 0;
C51 COMPILER V9.00   XS_SET_ID                                                             09/27/2024 13:58:56 PAGE 2   

  55          //                                      wei = 0;
  56          //                                      val = count_id_val(wei,adv_psw);
  57          //                                      dis_enter_id(val);
  58          //                                      break;
  59          //                              case 3:
  60          //                              XIANG1();
  61          //                                      if(wei < 3){
  62          //                                              adv_psw[wei] = 1;
  63          //                                              wei++;
  64          //                                      }
  65          //                                      val = count_id_val(wei,adv_psw);
  66          //                                      dis_enter_id(val);
  67          //                                      break;
  68          //                              case 4:
  69          //                              XIANG1();
  70          //                                      if(wei < 3){
  71          //                                              adv_psw[wei] = 2;
  72          //                                              wei++;
  73          //                                      }
  74          //                                      val = count_id_val(wei,adv_psw);
  75          //                                      dis_enter_id(val);
  76          //                                      break;
  77          //                              case 5:
  78          //                              XIANG1();
  79          //                                      if(wei < 3){
  80          //                                              adv_psw[wei] = 3;
  81          //                                              wei++;
  82          //                                      }
  83          //                                      val = count_id_val(wei,adv_psw);
  84          //                                      dis_enter_id(val);
  85          //                                      break;
  86          //                              case 6:
  87          //                              XIANG1();
  88          //                                      if(wei < 3){
  89          //                                              adv_psw[wei] = 4;
  90          //                                              wei++;
  91          //                                      }
  92          //                                      val = count_id_val(wei,adv_psw);
  93          //                                      dis_enter_id(val);
  94          //                                      break;
  95          //                              case 7:
  96          //                              XIANG1();
  97          //                                      if(wei < 3){
  98          //                                              adv_psw[wei] = 5;
  99          //                                              wei++;
 100          //                                      }
 101          //                                      val = count_id_val(wei,adv_psw);
 102          //                                      dis_enter_id(val);
 103          //                                      break;
 104          //                              case 8:
 105          //                              XIANG1();
 106          //                                      if(wei < 3){
 107          //                                              adv_psw[wei] = 6;
 108          //                                              wei++;
 109          //                                      }
 110          //                                      val = count_id_val(wei,adv_psw);
 111          //                                      dis_enter_id(val);
 112          //                                      break;
 113          //                              case 9:
 114          //                              XIANG1();
 115          //                                      if(wei < 3){
 116          //                                              adv_psw[wei] = 7;
C51 COMPILER V9.00   XS_SET_ID                                                             09/27/2024 13:58:56 PAGE 3   

 117          //                                              wei++;
 118          //                                      }
 119          //                                      val = count_id_val(wei,adv_psw);
 120          //                                      dis_enter_id(val);
 121          //                                      break;
 122          //                              case 10:
 123          //                              XIANG1();
 124          //                                      if(wei < 3){
 125          //                                              adv_psw[wei] = 8;
 126          //                                              wei++;
 127          //                                      }
 128          //                                      val = count_id_val(wei,adv_psw);
 129          //                                      dis_enter_id(val);
 130          //                                      break;
 131          //                              case 11:
 132          //                              XIANG1();
 133          //                                      if(wei < 3){
 134          //                                              adv_psw[wei] = 9;
 135          //                                              wei++;
 136          //                                      }
 137          //                                      val = count_id_val(wei,adv_psw);
 138          //                                      dis_enter_id(val);
 139          //                                      break;
 140          //                              case 12:
 141          //                              XIANG1();
 142          //                                      if(wei > 0){
 143          //                                              adv_psw[wei] = 0;
 144          //                                              wei--;
 145          //                                      }
 146          //                                      val = count_id_val(wei,adv_psw);
 147          //                                      dis_enter_id(val);
 148          //                                      break;
 149          //                              case 13:
 150          //                              XIANG1();
 151          //                                      if(wei < 3){
 152          //                                              adv_psw[wei] = 0;
 153          //                                              wei++;
 154          //                                      }
 155          //                                      val = count_id_val(wei,adv_psw);
 156          //                                      dis_enter_id(val);
 157          //                                      break;
 158          //                              case 14:
 159          //                              XIANG1();
 160          //                                      MACHINE_ID = val;
 161          //                                      write_machine_id();
 162          //                                      delay_ms(50);
 163          //                                      read_machine_id();
 164          //                                      goto over_main_xs_set_id;
 165          //                                      break;
 166          //                              
 167          //              }
 168          //                      KEY_YES = 0;
 169          //              }
 170          //      }while(1);
 171          //      over_main_xs_set_id:
 172          //      _nop_();
 173          //}
 174          // 
 175          //u8 count_id_val(u8 wei,u8 *buf)
 176          //{
 177          //      if(wei == 0)return 0;
 178          //      else if(wei == 1)return buf[0];
C51 COMPILER V9.00   XS_SET_ID                                                             09/27/2024 13:58:56 PAGE 4   

 179          //      else if(wei == 2)return (10*buf[0] + buf[1]);
 180          //      else {return (100*buf[0] + (10*buf[1]) + buf[2]);}
 181          //}
 182          //
 183          //void dis_enter_id(u8 dat)
 184          //{
 185          //      DIS_FONT_WEI_NUMBER_CM(Pic_SET_ID,1,0xff,0xff,0x03,dat,3,476,153);
 186          //}
 187          //
 188          //void dis_customer_id(void)
 189          //{
 190          //      DIS_FONT_WEI_NUMBER_CM(Pic_SET_ID,1,0xff,0xff,0x03,MACHINE_ID,3,250,152);
 191          //}
 192          //
 193          //
 194          // 
 195          // 
 196          // 
 197          // 


MODULE INFORMATION:   STATIC OVERLAYABLE
   CODE SIZE        =   ----    ----
   CONSTANT SIZE    =   ----    ----
   XDATA SIZE       =   ----    ----
   PDATA SIZE       =   ----    ----
   DATA SIZE        =   ----    ----
   IDATA SIZE       =   ----    ----
   BIT SIZE         =   ----    ----
END OF MODULE INFORMATION.


C51 COMPILATION COMPLETE.  0 WARNING(S),  0 ERROR(S)
